<?xml version="1.0" encoding="UTF-8"?>
<testng-results skipped="2" failed="1" total="3" passed="0">
  <reporter-output>
  </reporter-output>
  <suite name="Suite" duration-ms="37516" started-at="2019-12-09T14:40:23Z" finished-at="2019-12-09T14:41:00Z">
    <groups>
    </groups>
    <test name="Test" duration-ms="37516" started-at="2019-12-09T14:40:23Z" finished-at="2019-12-09T14:41:00Z">
      <class name="DressPageTest">
        <test-method status="PASS" signature="launch()[pri:0, instance:DressPageTest@129a8472]" name="launch" is-config="true" duration-ms="20226" started-at="2019-12-09T08:40:23Z" finished-at="2019-12-09T08:40:43Z">
          <reporter-output>
          </reporter-output>
        </test-method> <!-- launch -->
        <test-method status="FAIL" signature="verifyLogi(java.lang.String, java.lang.String)[pri:0, instance:DressPageTest@129a8472]" name="verifyLogi" duration-ms="18" started-at="2019-12-09T08:40:43Z" data-provider="Verify Login" finished-at="2019-12-09T08:40:43Z">
          <params>
            <param index="0">
              <value>
                <![CDATA[Amin]]>
              </value>
            </param>
            <param index="1">
              <value>
                <![CDATA[admin123]]>
              </value>
            </param>
          </params>
          <exception class="java.lang.NullPointerException">
            <full-stacktrace>
              <![CDATA[java.lang.NullPointerException
	at DressPageTest.verifyLogi(DressPageTest.java:46)
	at sun.reflect.NativeMethodAccessorImpl.invoke0(Native Method)
	at sun.reflect.NativeMethodAccessorImpl.invoke(NativeMethodAccessorImpl.java:62)
	at sun.reflect.DelegatingMethodAccessorImpl.invoke(DelegatingMethodAccessorImpl.java:43)
	at java.lang.reflect.Method.invoke(Method.java:498)
	at org.testng.internal.MethodInvocationHelper.invokeMethod(MethodInvocationHelper.java:80)
	at org.testng.internal.Invoker.invokeMethod(Invoker.java:714)
	at org.testng.internal.Invoker.invokeTestMethod(Invoker.java:901)
	at org.testng.internal.Invoker.invokeTestMethods(Invoker.java:1231)
	at org.testng.internal.TestMethodWorker.invokeTestMethods(TestMethodWorker.java:127)
	at org.testng.internal.TestMethodWorker.run(TestMethodWorker.java:111)
	at org.testng.TestRunner.privateRun(TestRunner.java:767)
	at org.testng.TestRunner.run(TestRunner.java:617)
	at org.testng.SuiteRunner.runTest(SuiteRunner.java:334)
	at org.testng.SuiteRunner.runSequentially(SuiteRunner.java:329)
	at org.testng.SuiteRunner.privateRun(SuiteRunner.java:291)
	at org.testng.SuiteRunner.run(SuiteRunner.java:240)
	at org.testng.SuiteRunnerWorker.runSuite(SuiteRunnerWorker.java:52)
	at org.testng.SuiteRunnerWorker.run(SuiteRunnerWorker.java:86)
	at org.testng.TestNG.runSuitesSequentially(TestNG.java:1198)
	at org.testng.TestNG.runSuitesLocally(TestNG.java:1123)
	at org.testng.TestNG.run(TestNG.java:1031)
	at org.apache.maven.surefire.testng.TestNGExecutor.run(TestNGExecutor.java:295)
	at org.apache.maven.surefire.testng.TestNGXmlTestSuite.execute(TestNGXmlTestSuite.java:84)
	at org.apache.maven.surefire.testng.TestNGProvider.invoke(TestNGProvider.java:90)
	at org.apache.maven.surefire.booter.ForkedBooter.invokeProviderInSameClassLoader(ForkedBooter.java:203)
	at org.apache.maven.surefire.booter.ForkedBooter.runSuitesInProcess(ForkedBooter.java:155)
	at org.apache.maven.surefire.booter.ForkedBooter.main(ForkedBooter.java:103)
]]>
            </full-stacktrace>
          </exception> <!-- java.lang.NullPointerException -->
          <reporter-output>
          </reporter-output>
        </test-method> <!-- verifyLogi -->
        <test-method status="FAIL" signature="launch()[pri:0, instance:DressPageTest@129a8472]" name="launch" is-config="true" duration-ms="0" started-at="2019-12-09T08:40:43Z" finished-at="2019-12-09T08:40:43Z">
          <exception class="org.openqa.selenium.SessionNotCreatedException">
            <message>
              <![CDATA[session not created
from chrome not reachable
  (Session info: chrome=78.0.3904.108)
Build info: version: '3.11.0', revision: 'e59cfb3', time: '2018-03-11T20:26:55.152Z'
System info: host: 'LAPTOP-DBR0E06H', ip: '192.168.43.246', os.name: 'Windows 10', os.arch: 'amd64', os.version: '10.0', java.version: '1.8.0_91'
Driver info: driver.version: ChromeDriver
remote stacktrace: Backtrace:
	Ordinal0 [0x005AA903+1550595]
	Ordinal0 [0x0052A701+1025793]
	Ordinal0 [0x004AC58E+509326]
	Ordinal0 [0x004A62C2+484034]
	Ordinal0 [0x004A699B+485787]
	Ordinal0 [0x004A7B05+490245]
	Ordinal0 [0x004A3A85+473733]
	Ordinal0 [0x004AD330+512816]
	Ordinal0 [0x0045B649+177737]
	Ordinal0 [0x0045A8ED+174317]
	Ordinal0 [0x00458CDB+167131]
	Ordinal0 [0x0044144A+70730]
	Ordinal0 [0x004424D0+74960]
	Ordinal0 [0x00442469+74857]
	Ordinal0 [0x005442C7+1131207]
	GetHandleVerifier [0x006470FD+523789]
	GetHandleVerifier [0x00646E90+523168]
	GetHandleVerifier [0x0064E1E7+552695]
	GetHandleVerifier [0x006478FA+525834]
	Ordinal0 [0x0053B7FC+1095676]
	Ordinal0 [0x0054633B+1139515]
	Ordinal0 [0x005464A3+1139875]
	Ordinal0 [0x00545425+1135653]
	BaseThreadInitThunk [0x74DD6359+25]
	RtlGetAppContainerNamedObjectPath [0x77607B74+228]
	RtlGetAppContainerNamedObjectPath [0x77607B44+180]
]]>
            </message>
            <full-stacktrace>
              <![CDATA[org.openqa.selenium.SessionNotCreatedException: session not created
from chrome not reachable
  (Session info: chrome=78.0.3904.108)
Build info: version: '3.11.0', revision: 'e59cfb3', time: '2018-03-11T20:26:55.152Z'
System info: host: 'LAPTOP-DBR0E06H', ip: '192.168.43.246', os.name: 'Windows 10', os.arch: 'amd64', os.version: '10.0', java.version: '1.8.0_91'
Driver info: driver.version: ChromeDriver
remote stacktrace: Backtrace:
	Ordinal0 [0x005AA903+1550595]
	Ordinal0 [0x0052A701+1025793]
	Ordinal0 [0x004AC58E+509326]
	Ordinal0 [0x004A62C2+484034]
	Ordinal0 [0x004A699B+485787]
	Ordinal0 [0x004A7B05+490245]
	Ordinal0 [0x004A3A85+473733]
	Ordinal0 [0x004AD330+512816]
	Ordinal0 [0x0045B649+177737]
	Ordinal0 [0x0045A8ED+174317]
	Ordinal0 [0x00458CDB+167131]
	Ordinal0 [0x0044144A+70730]
	Ordinal0 [0x004424D0+74960]
	Ordinal0 [0x00442469+74857]
	Ordinal0 [0x005442C7+1131207]
	GetHandleVerifier [0x006470FD+523789]
	GetHandleVerifier [0x00646E90+523168]
	GetHandleVerifier [0x0064E1E7+552695]
	GetHandleVerifier [0x006478FA+525834]
	Ordinal0 [0x0053B7FC+1095676]
	Ordinal0 [0x0054633B+1139515]
	Ordinal0 [0x005464A3+1139875]
	Ordinal0 [0x00545425+1135653]
	BaseThreadInitThunk [0x74DD6359+25]
	RtlGetAppContainerNamedObjectPath [0x77607B74+228]
	RtlGetAppContainerNamedObjectPath [0x77607B44+180]

	at sun.reflect.NativeConstructorAccessorImpl.newInstance0(Native Method)
	at sun.reflect.NativeConstructorAccessorImpl.newInstance(NativeConstructorAccessorImpl.java:62)
	at sun.reflect.DelegatingConstructorAccessorImpl.newInstance(DelegatingConstructorAccessorImpl.java:45)
	at java.lang.reflect.Constructor.newInstance(Constructor.java:423)
	at org.openqa.selenium.remote.W3CHandshakeResponse.lambda$new$0(W3CHandshakeResponse.java:57)
	at org.openqa.selenium.remote.W3CHandshakeResponse.lambda$getResponseFunction$2(W3CHandshakeResponse.java:104)
	at org.openqa.selenium.remote.ProtocolHandshake.lambda$createSession$0(ProtocolHandshake.java:123)
	at java.util.stream.ReferencePipeline$3$1.accept(ReferencePipeline.java:193)
	at java.util.Spliterators$ArraySpliterator.tryAdvance(Spliterators.java:958)
	at java.util.stream.ReferencePipeline.forEachWithCancel(ReferencePipeline.java:126)
	at java.util.stream.AbstractPipeline.copyIntoWithCancel(AbstractPipeline.java:498)
	at java.util.stream.AbstractPipeline.copyInto(AbstractPipeline.java:485)
	at java.util.stream.AbstractPipeline.wrapAndCopyInto(AbstractPipeline.java:471)
	at java.util.stream.FindOps$FindOp.evaluateSequential(FindOps.java:152)
	at java.util.stream.AbstractPipeline.evaluate(AbstractPipeline.java:234)
	at java.util.stream.ReferencePipeline.findFirst(ReferencePipeline.java:464)
	at org.openqa.selenium.remote.ProtocolHandshake.createSession(ProtocolHandshake.java:126)
	at org.openqa.selenium.remote.ProtocolHandshake.createSession(ProtocolHandshake.java:73)
	at org.openqa.selenium.remote.HttpCommandExecutor.execute(HttpCommandExecutor.java:136)
	at org.openqa.selenium.remote.service.DriverCommandExecutor.execute(DriverCommandExecutor.java:83)
	at org.openqa.selenium.remote.RemoteWebDriver.execute(RemoteWebDriver.java:545)
	at org.openqa.selenium.remote.RemoteWebDriver.startSession(RemoteWebDriver.java:209)
	at org.openqa.selenium.remote.RemoteWebDriver.<init>(RemoteWebDriver.java:132)
	at org.openqa.selenium.chrome.ChromeDriver.<init>(ChromeDriver.java:181)
	at org.openqa.selenium.chrome.ChromeDriver.<init>(ChromeDriver.java:168)
	at org.openqa.selenium.chrome.ChromeDriver.<init>(ChromeDriver.java:123)
	at DressPageTest.launch(DressPageTest.java:20)
	at sun.reflect.NativeMethodAccessorImpl.invoke0(Native Method)
	at sun.reflect.NativeMethodAccessorImpl.invoke(NativeMethodAccessorImpl.java:62)
	at sun.reflect.DelegatingMethodAccessorImpl.invoke(DelegatingMethodAccessorImpl.java:43)
	at java.lang.reflect.Method.invoke(Method.java:498)
	at org.testng.internal.MethodInvocationHelper.invokeMethod(MethodInvocationHelper.java:80)
	at org.testng.internal.Invoker.invokeConfigurationMethod(Invoker.java:564)
	at org.testng.internal.Invoker.invokeConfigurations(Invoker.java:213)
	at org.testng.internal.Invoker.invokeMethod(Invoker.java:653)
	at org.testng.internal.Invoker.invokeTestMethod(Invoker.java:901)
	at org.testng.internal.Invoker.invokeTestMethods(Invoker.java:1231)
	at org.testng.internal.TestMethodWorker.invokeTestMethods(TestMethodWorker.java:127)
	at org.testng.internal.TestMethodWorker.run(TestMethodWorker.java:111)
	at org.testng.TestRunner.privateRun(TestRunner.java:767)
	at org.testng.TestRunner.run(TestRunner.java:617)
	at org.testng.SuiteRunner.runTest(SuiteRunner.java:334)
	at org.testng.SuiteRunner.runSequentially(SuiteRunner.java:329)
	at org.testng.SuiteRunner.privateRun(SuiteRunner.java:291)
	at org.testng.SuiteRunner.run(SuiteRunner.java:240)
	at org.testng.SuiteRunnerWorker.runSuite(SuiteRunnerWorker.java:52)
	at org.testng.SuiteRunnerWorker.run(SuiteRunnerWorker.java:86)
	at org.testng.TestNG.runSuitesSequentially(TestNG.java:1198)
	at org.testng.TestNG.runSuitesLocally(TestNG.java:1123)
	at org.testng.TestNG.run(TestNG.java:1031)
	at org.apache.maven.surefire.testng.TestNGExecutor.run(TestNGExecutor.java:295)
	at org.apache.maven.surefire.testng.TestNGXmlTestSuite.execute(TestNGXmlTestSuite.java:84)
	at org.apache.maven.surefire.testng.TestNGProvider.invoke(TestNGProvider.java:90)
	at org.apache.maven.surefire.booter.ForkedBooter.invokeProviderInSameClassLoader(ForkedBooter.java:203)
	at org.apache.maven.surefire.booter.ForkedBooter.runSuitesInProcess(ForkedBooter.java:155)
	at org.apache.maven.surefire.booter.ForkedBooter.main(ForkedBooter.java:103)
]]>
            </full-stacktrace>
          </exception> <!-- org.openqa.selenium.SessionNotCreatedException -->
          <reporter-output>
          </reporter-output>
        </test-method> <!-- launch -->
        <test-method status="SKIP" signature="verifyLogi(java.lang.String, java.lang.String)[pri:0, instance:DressPageTest@129a8472]" name="verifyLogi" duration-ms="2" started-at="2019-12-09T08:41:00Z" data-provider="Verify Login" finished-at="2019-12-09T08:41:00Z">
          <params>
            <param index="0">
              <value>
                <![CDATA[hgyf]]>
              </value>
            </param>
            <param index="1">
              <value>
                <![CDATA[hftdf]]>
              </value>
            </param>
          </params>
          <reporter-output>
          </reporter-output>
        </test-method> <!-- verifyLogi -->
        <test-method status="SKIP" signature="launch()[pri:0, instance:DressPageTest@129a8472]" name="launch" is-config="true" duration-ms="0" started-at="2019-12-09T08:41:00Z" finished-at="2019-12-09T08:41:00Z">
          <reporter-output>
          </reporter-output>
        </test-method> <!-- launch -->
        <test-method status="SKIP" signature="verifyLogi(java.lang.String, java.lang.String)[pri:0, instance:DressPageTest@129a8472]" name="verifyLogi" duration-ms="1" started-at="2019-12-09T08:41:00Z" data-provider="Verify Login" finished-at="2019-12-09T08:41:00Z">
          <params>
            <param index="0">
              <value>
                <![CDATA[uname]]>
              </value>
            </param>
            <param index="1">
              <value>
                <![CDATA[psw3]]>
              </value>
            </param>
          </params>
          <reporter-output>
          </reporter-output>
        </test-method> <!-- verifyLogi -->
      </class> <!-- DressPageTest -->
    </test> <!-- Test -->
  </suite> <!-- Suite -->
</testng-results>
