<?xml version="1.0" encoding="UTF-8"?>
<testng-results skipped="2" failed="1" total="3" passed="0">
  <reporter-output>
  </reporter-output>
  <suite name="Default suite" duration-ms="33379" started-at="2019-12-05T15:47:57Z" finished-at="2019-12-05T15:48:31Z">
    <groups>
    </groups>
    <test name="Default test" duration-ms="33379" started-at="2019-12-05T15:47:57Z" finished-at="2019-12-05T15:48:31Z">
      <class name="DressPageTest">
        <test-method status="PASS" signature="launch()[pri:0, instance:DressPageTest@326de728]" name="launch" is-config="true" duration-ms="16702" started-at="2019-12-05T09:47:57Z" finished-at="2019-12-05T09:48:14Z">
          <reporter-output>
          </reporter-output>
        </test-method> <!-- launch -->
        <test-method status="FAIL" signature="verifyLogi(java.lang.String, java.lang.String)[pri:0, instance:DressPageTest@326de728]" name="verifyLogi" duration-ms="34" started-at="2019-12-05T09:48:14Z" data-provider="Verify Login" finished-at="2019-12-05T09:48:14Z">
          <params>
            <param index="0">
              <value>
                <![CDATA[Amin]]>
              </value>
            </param>
            <param index="1">
              <value>
                <![CDATA[admin123]]>
              </value>
            </param>
          </params>
          <exception class="java.lang.NullPointerException">
            <full-stacktrace>
              <![CDATA[java.lang.NullPointerException
	at DressPageTest.verifyLogi(DressPageTest.java:46)
	at sun.reflect.NativeMethodAccessorImpl.invoke0(Native Method)
	at sun.reflect.NativeMethodAccessorImpl.invoke(NativeMethodAccessorImpl.java:62)
	at sun.reflect.DelegatingMethodAccessorImpl.invoke(DelegatingMethodAccessorImpl.java:43)
	at java.lang.reflect.Method.invoke(Method.java:498)
	at org.testng.internal.MethodInvocationHelper.invokeMethod(MethodInvocationHelper.java:86)
	at org.testng.internal.Invoker.invokeMethod(Invoker.java:645)
	at org.testng.internal.Invoker.invokeTestMethod(Invoker.java:822)
	at org.testng.internal.Invoker.invokeTestMethods(Invoker.java:1130)
	at org.testng.internal.TestMethodWorker.invokeTestMethods(TestMethodWorker.java:129)
	at org.testng.internal.TestMethodWorker.run(TestMethodWorker.java:112)
	at org.testng.TestRunner.privateRun(TestRunner.java:782)
	at org.testng.TestRunner.run(TestRunner.java:632)
	at org.testng.SuiteRunner.runTest(SuiteRunner.java:366)
	at org.testng.SuiteRunner.runSequentially(SuiteRunner.java:361)
	at org.testng.SuiteRunner.privateRun(SuiteRunner.java:319)
	at org.testng.SuiteRunner.run(SuiteRunner.java:268)
	at org.testng.SuiteRunnerWorker.runSuite(SuiteRunnerWorker.java:52)
	at org.testng.SuiteRunnerWorker.run(SuiteRunnerWorker.java:86)
	at org.testng.TestNG.runSuitesSequentially(TestNG.java:1244)
	at org.testng.TestNG.runSuitesLocally(TestNG.java:1169)
	at org.testng.TestNG.run(TestNG.java:1064)
	at org.testng.remote.RemoteTestNG.run(RemoteTestNG.java:113)
	at org.testng.remote.RemoteTestNG.initAndRun(RemoteTestNG.java:206)
	at org.testng.remote.RemoteTestNG.main(RemoteTestNG.java:177)
]]>
            </full-stacktrace>
          </exception> <!-- java.lang.NullPointerException -->
          <reporter-output>
          </reporter-output>
        </test-method> <!-- verifyLogi -->
        <test-method status="FAIL" signature="launch()[pri:0, instance:DressPageTest@326de728]" name="launch" is-config="true" duration-ms="0" started-at="2019-12-05T09:48:14Z" finished-at="2019-12-05T09:48:14Z">
          <exception class="org.openqa.selenium.SessionNotCreatedException">
            <message>
              <![CDATA[session not created
from chrome not reachable
  (Session info: chrome=78.0.3904.108)
Build info: version: '3.141.59', revision: 'e82be7d358', time: '2018-11-14T08:25:53'
System info: host: 'LAPTOP-DBR0E06H', ip: '192.168.43.246', os.name: 'Windows 10', os.arch: 'amd64', os.version: '10.0', java.version: '1.8.0_91'
Driver info: driver.version: ChromeDriver
remote stacktrace: Backtrace:
	Ordinal0 [0x00FEA903+1550595]
	Ordinal0 [0x00F6A701+1025793]
	Ordinal0 [0x00EEC58E+509326]
	Ordinal0 [0x00EE62C2+484034]
	Ordinal0 [0x00EE699B+485787]
	Ordinal0 [0x00EE7B05+490245]
	Ordinal0 [0x00EE3A85+473733]
	Ordinal0 [0x00EED330+512816]
	Ordinal0 [0x00E9B649+177737]
	Ordinal0 [0x00E9A8ED+174317]
	Ordinal0 [0x00E98CDB+167131]
	Ordinal0 [0x00E8144A+70730]
	Ordinal0 [0x00E824D0+74960]
	Ordinal0 [0x00E82469+74857]
	Ordinal0 [0x00F842C7+1131207]
	GetHandleVerifier [0x010870FD+523789]
	GetHandleVerifier [0x01086E90+523168]
	GetHandleVerifier [0x0108E1E7+552695]
	GetHandleVerifier [0x010878FA+525834]
	Ordinal0 [0x00F7B7FC+1095676]
	Ordinal0 [0x00F8633B+1139515]
	Ordinal0 [0x00F864A3+1139875]
	Ordinal0 [0x00F85425+1135653]
	BaseThreadInitThunk [0x74DD6359+25]
	RtlGetAppContainerNamedObjectPath [0x77607B74+228]
	RtlGetAppContainerNamedObjectPath [0x77607B44+180]
]]>
            </message>
            <full-stacktrace>
              <![CDATA[org.openqa.selenium.SessionNotCreatedException: session not created
from chrome not reachable
  (Session info: chrome=78.0.3904.108)
Build info: version: '3.141.59', revision: 'e82be7d358', time: '2018-11-14T08:25:53'
System info: host: 'LAPTOP-DBR0E06H', ip: '192.168.43.246', os.name: 'Windows 10', os.arch: 'amd64', os.version: '10.0', java.version: '1.8.0_91'
Driver info: driver.version: ChromeDriver
remote stacktrace: Backtrace:
	Ordinal0 [0x00FEA903+1550595]
	Ordinal0 [0x00F6A701+1025793]
	Ordinal0 [0x00EEC58E+509326]
	Ordinal0 [0x00EE62C2+484034]
	Ordinal0 [0x00EE699B+485787]
	Ordinal0 [0x00EE7B05+490245]
	Ordinal0 [0x00EE3A85+473733]
	Ordinal0 [0x00EED330+512816]
	Ordinal0 [0x00E9B649+177737]
	Ordinal0 [0x00E9A8ED+174317]
	Ordinal0 [0x00E98CDB+167131]
	Ordinal0 [0x00E8144A+70730]
	Ordinal0 [0x00E824D0+74960]
	Ordinal0 [0x00E82469+74857]
	Ordinal0 [0x00F842C7+1131207]
	GetHandleVerifier [0x010870FD+523789]
	GetHandleVerifier [0x01086E90+523168]
	GetHandleVerifier [0x0108E1E7+552695]
	GetHandleVerifier [0x010878FA+525834]
	Ordinal0 [0x00F7B7FC+1095676]
	Ordinal0 [0x00F8633B+1139515]
	Ordinal0 [0x00F864A3+1139875]
	Ordinal0 [0x00F85425+1135653]
	BaseThreadInitThunk [0x74DD6359+25]
	RtlGetAppContainerNamedObjectPath [0x77607B74+228]
	RtlGetAppContainerNamedObjectPath [0x77607B44+180]

	at sun.reflect.NativeConstructorAccessorImpl.newInstance0(Native Method)
	at sun.reflect.NativeConstructorAccessorImpl.newInstance(NativeConstructorAccessorImpl.java:62)
	at sun.reflect.DelegatingConstructorAccessorImpl.newInstance(DelegatingConstructorAccessorImpl.java:45)
	at java.lang.reflect.Constructor.newInstance(Constructor.java:423)
	at org.openqa.selenium.remote.W3CHandshakeResponse.lambda$errorHandler$0(W3CHandshakeResponse.java:62)
	at org.openqa.selenium.remote.HandshakeResponse.lambda$getResponseFunction$0(HandshakeResponse.java:30)
	at org.openqa.selenium.remote.ProtocolHandshake.lambda$createSession$0(ProtocolHandshake.java:126)
	at java.util.stream.ReferencePipeline$3$1.accept(ReferencePipeline.java:193)
	at java.util.Spliterators$ArraySpliterator.tryAdvance(Spliterators.java:958)
	at java.util.stream.ReferencePipeline.forEachWithCancel(ReferencePipeline.java:126)
	at java.util.stream.AbstractPipeline.copyIntoWithCancel(AbstractPipeline.java:498)
	at java.util.stream.AbstractPipeline.copyInto(AbstractPipeline.java:485)
	at java.util.stream.AbstractPipeline.wrapAndCopyInto(AbstractPipeline.java:471)
	at java.util.stream.FindOps$FindOp.evaluateSequential(FindOps.java:152)
	at java.util.stream.AbstractPipeline.evaluate(AbstractPipeline.java:234)
	at java.util.stream.ReferencePipeline.findFirst(ReferencePipeline.java:464)
	at org.openqa.selenium.remote.ProtocolHandshake.createSession(ProtocolHandshake.java:128)
	at org.openqa.selenium.remote.ProtocolHandshake.createSession(ProtocolHandshake.java:74)
	at org.openqa.selenium.remote.HttpCommandExecutor.execute(HttpCommandExecutor.java:136)
	at org.openqa.selenium.remote.service.DriverCommandExecutor.execute(DriverCommandExecutor.java:83)
	at org.openqa.selenium.remote.RemoteWebDriver.execute(RemoteWebDriver.java:552)
	at org.openqa.selenium.remote.RemoteWebDriver.startSession(RemoteWebDriver.java:213)
	at org.openqa.selenium.remote.RemoteWebDriver.<init>(RemoteWebDriver.java:131)
	at org.openqa.selenium.chrome.ChromeDriver.<init>(ChromeDriver.java:181)
	at org.openqa.selenium.chrome.ChromeDriver.<init>(ChromeDriver.java:168)
	at org.openqa.selenium.chrome.ChromeDriver.<init>(ChromeDriver.java:123)
	at DressPageTest.launch(DressPageTest.java:19)
	at sun.reflect.NativeMethodAccessorImpl.invoke0(Native Method)
	at sun.reflect.NativeMethodAccessorImpl.invoke(NativeMethodAccessorImpl.java:62)
	at sun.reflect.DelegatingMethodAccessorImpl.invoke(DelegatingMethodAccessorImpl.java:43)
	at java.lang.reflect.Method.invoke(Method.java:498)
	at org.testng.internal.MethodInvocationHelper.invokeMethod(MethodInvocationHelper.java:86)
	at org.testng.internal.Invoker.invokeConfigurationMethod(Invoker.java:514)
	at org.testng.internal.Invoker.invokeConfigurations(Invoker.java:215)
	at org.testng.internal.Invoker.invokeMethod(Invoker.java:589)
	at org.testng.internal.Invoker.invokeTestMethod(Invoker.java:822)
	at org.testng.internal.Invoker.invokeTestMethods(Invoker.java:1130)
	at org.testng.internal.TestMethodWorker.invokeTestMethods(TestMethodWorker.java:129)
	at org.testng.internal.TestMethodWorker.run(TestMethodWorker.java:112)
	at org.testng.TestRunner.privateRun(TestRunner.java:782)
	at org.testng.TestRunner.run(TestRunner.java:632)
	at org.testng.SuiteRunner.runTest(SuiteRunner.java:366)
	at org.testng.SuiteRunner.runSequentially(SuiteRunner.java:361)
	at org.testng.SuiteRunner.privateRun(SuiteRunner.java:319)
	at org.testng.SuiteRunner.run(SuiteRunner.java:268)
	at org.testng.SuiteRunnerWorker.runSuite(SuiteRunnerWorker.java:52)
	at org.testng.SuiteRunnerWorker.run(SuiteRunnerWorker.java:86)
	at org.testng.TestNG.runSuitesSequentially(TestNG.java:1244)
	at org.testng.TestNG.runSuitesLocally(TestNG.java:1169)
	at org.testng.TestNG.run(TestNG.java:1064)
	at org.testng.remote.RemoteTestNG.run(RemoteTestNG.java:113)
	at org.testng.remote.RemoteTestNG.initAndRun(RemoteTestNG.java:206)
	at org.testng.remote.RemoteTestNG.main(RemoteTestNG.java:177)
]]>
            </full-stacktrace>
          </exception> <!-- org.openqa.selenium.SessionNotCreatedException -->
          <reporter-output>
          </reporter-output>
        </test-method> <!-- launch -->
        <test-method status="SKIP" signature="verifyLogi(java.lang.String, java.lang.String)[pri:0, instance:DressPageTest@326de728]" name="verifyLogi" duration-ms="2" started-at="2019-12-05T09:48:31Z" data-provider="Verify Login" finished-at="2019-12-05T09:48:31Z">
          <params>
            <param index="0">
              <value>
                <![CDATA[hgyf]]>
              </value>
            </param>
            <param index="1">
              <value>
                <![CDATA[hftdf]]>
              </value>
            </param>
          </params>
          <reporter-output>
          </reporter-output>
        </test-method> <!-- verifyLogi -->
        <test-method status="SKIP" signature="launch()[pri:0, instance:DressPageTest@326de728]" name="launch" is-config="true" duration-ms="0" started-at="2019-12-05T09:48:31Z" finished-at="2019-12-05T09:48:31Z">
          <reporter-output>
          </reporter-output>
        </test-method> <!-- launch -->
        <test-method status="SKIP" signature="verifyLogi(java.lang.String, java.lang.String)[pri:0, instance:DressPageTest@326de728]" name="verifyLogi" duration-ms="2" started-at="2019-12-05T09:48:31Z" data-provider="Verify Login" finished-at="2019-12-05T09:48:31Z">
          <params>
            <param index="0">
              <value>
                <![CDATA[uname]]>
              </value>
            </param>
            <param index="1">
              <value>
                <![CDATA[psw3]]>
              </value>
            </param>
          </params>
          <reporter-output>
          </reporter-output>
        </test-method> <!-- verifyLogi -->
      </class> <!-- DressPageTest -->
    </test> <!-- Default test -->
  </suite> <!-- Default suite -->
</testng-results>
